<?xml version="1.0" encoding="UTF-8"?>
<!-- Generated by org.testng.reporters.JUnitReportReporter -->
<testsuite hostname="DESKTOP-GFDEEQT" name="com.ap.qa.testcases.HomePageTest" tests="4" failures="0" timestamp="1 Oct 2019 00:30:29 GMT" time="68.169" errors="0">
  <testcase name="Firmex_Login" time="14.089" classname="com.ap.qa.testcases.HomePageTest"/>
  <testcase name="Firmex_Login" time="15.832" classname="com.ap.qa.testcases.HomePageTest"/>
  <testcase name="Firmex_Login" time="26.004" classname="com.ap.qa.testcases.HomePageTest"/>
  <testcase name="Firmex_Login" time="12.244" classname="com.ap.qa.testcases.HomePageTest"/>
</testsuite> <!-- com.ap.qa.testcases.HomePageTest -->
